g:\abol life\projects\mldproject\mldproject\debug\mldproject.pch
g:\abol life\projects\mldproject\mldproject\debug\vc120.pdb
g:\abol life\projects\mldproject\mldproject\debug\vc120.idb
g:\abol life\projects\mldproject\mldproject\debug\stdafx.obj
g:\abol life\projects\mldproject\mldproject\debug\mobile.obj
g:\abol life\projects\mldproject\mldproject\debug\notebook.obj
g:\abol life\projects\mldproject\mldproject\debug\mldproject.obj
g:\abol life\projects\mldproject\mldproject\debug\digitalequitment.obj
g:\abol life\projects\mldproject\mldproject\debug\persen.obj
g:\abol life\projects\mldproject\mldproject\debug\person.obj
g:\abol life\projects\mldproject\mldproject\debug\sell.obj
g:\abol life\projects\mldproject\debug\mldproject.ilk
g:\abol life\projects\mldproject\debug\mldproject.exe
g:\abol life\projects\mldproject\debug\mldproject.pdb
g:\abol life\projects\mldproject\mldproject\debug\mldproject.tlog\cl.command.1.tlog
g:\abol life\projects\mldproject\mldproject\debug\mldproject.tlog\cl.read.1.tlog
g:\abol life\projects\mldproject\mldproject\debug\mldproject.tlog\cl.write.1.tlog
g:\abol life\projects\mldproject\mldproject\debug\mldproject.tlog\link.command.1.tlog
g:\abol life\projects\mldproject\mldproject\debug\mldproject.tlog\link.read.1.tlog
g:\abol life\projects\mldproject\mldproject\debug\mldproject.tlog\link.write.1.tlog
